  glewinfo.c
  GLEW.C
  Generating Code...
  Timing.cpp
  Random.cpp
  Vector4f.cpp
  Vector3f.cpp
  Vector2f.cpp
  Rect2f.cpp
  Quaternion.cpp
  Polygonf.cpp
  Matrix4f.cpp
  MathLib.cpp
  Mouse.cpp
  Keyboard.cpp
  Window.cpp
  SpriteFont.cpp
  Shader.cpp
  RenderParams.cpp
  Renderer.cpp
  Graphics.cpp
  Color.cpp
  Application.cpp
  Generating Code...
  Compiling...
  lodepng.cpp
  Generating Code...
  GameLib.vcxproj -> C:\Workspace\Repositories\EGP405\build\Client\GameLib\Debug\GameLib.lib
